<?xml version="1.0" encoding="UTF-8"?>
<testng-results skipped="0" failed="1" ignored="2" total="11" passed="8">
  <reporter-output>
  </reporter-output>
  <suite name="Free CRM Application Test Automation Test Suite" duration-ms="106951" started-at="2018-08-01T18:03:49Z" finished-at="2018-08-01T18:05:36Z">
    <groups>
    </groups>
    <test name="Free CRM Application Test Cases" duration-ms="106951" started-at="2018-08-01T18:03:49Z" finished-at="2018-08-01T18:05:36Z">
      <class name="com.crm.qa.testcases.HomePageTest">
        <test-method status="PASS" signature="setUp()[pri:0, instance:com.crm.qa.testcases.HomePageTest@553f17c]" name="setUp" is-config="true" duration-ms="13299" started-at="2018-08-01T18:03:58Z" finished-at="2018-08-01T18:04:11Z">
          <reporter-output>
          </reporter-output>
        </test-method> <!-- setUp -->
        <test-method status="PASS" signature="verifyHomePageTitleTest()[pri:1, instance:com.crm.qa.testcases.HomePageTest@553f17c]" name="verifyHomePageTitleTest" duration-ms="11" started-at="2018-08-01T18:04:11Z" finished-at="2018-08-01T18:04:11Z">
          <reporter-output>
          </reporter-output>
        </test-method> <!-- verifyHomePageTitleTest -->
        <test-method status="PASS" signature="tearDown()[pri:0, instance:com.crm.qa.testcases.HomePageTest@553f17c]" name="tearDown" is-config="true" duration-ms="822" started-at="2018-08-01T18:04:11Z" finished-at="2018-08-01T18:04:12Z">
          <reporter-output>
          </reporter-output>
        </test-method> <!-- tearDown -->
        <test-method status="PASS" signature="setUp()[pri:0, instance:com.crm.qa.testcases.HomePageTest@553f17c]" name="setUp" is-config="true" duration-ms="10454" started-at="2018-08-01T18:04:33Z" finished-at="2018-08-01T18:04:43Z">
          <reporter-output>
          </reporter-output>
        </test-method> <!-- setUp -->
        <test-method status="PASS" signature="verifyCorrectUserNameTest()[pri:2, instance:com.crm.qa.testcases.HomePageTest@553f17c]" name="verifyCorrectUserNameTest" duration-ms="106" started-at="2018-08-01T18:04:43Z" finished-at="2018-08-01T18:04:43Z">
          <reporter-output>
          </reporter-output>
        </test-method> <!-- verifyCorrectUserNameTest -->
        <test-method status="PASS" signature="tearDown()[pri:0, instance:com.crm.qa.testcases.HomePageTest@553f17c]" name="tearDown" is-config="true" duration-ms="795" started-at="2018-08-01T18:04:43Z" finished-at="2018-08-01T18:04:44Z">
          <reporter-output>
          </reporter-output>
        </test-method> <!-- tearDown -->
        <test-method status="PASS" signature="setUp()[pri:0, instance:com.crm.qa.testcases.HomePageTest@553f17c]" name="setUp" is-config="true" duration-ms="11025" started-at="2018-08-01T18:05:09Z" finished-at="2018-08-01T18:05:20Z">
          <reporter-output>
          </reporter-output>
        </test-method> <!-- setUp -->
        <test-method status="PASS" signature="verifyContactsLinkTest()[pri:3, instance:com.crm.qa.testcases.HomePageTest@553f17c]" name="verifyContactsLinkTest" duration-ms="182" started-at="2018-08-01T18:05:20Z" finished-at="2018-08-01T18:05:20Z">
          <reporter-output>
          </reporter-output>
        </test-method> <!-- verifyContactsLinkTest -->
        <test-method status="PASS" signature="tearDown()[pri:0, instance:com.crm.qa.testcases.HomePageTest@553f17c]" name="tearDown" is-config="true" duration-ms="967" started-at="2018-08-01T18:05:20Z" finished-at="2018-08-01T18:05:21Z">
          <reporter-output>
          </reporter-output>
        </test-method> <!-- tearDown -->
      </class> <!-- com.crm.qa.testcases.HomePageTest -->
      <class name="com.crm.qa.testcases.ContactsPageTest">
        <test-method status="PASS" signature="setUp()[pri:0, instance:com.crm.qa.testcases.ContactsPageTest@4f7d0008]" name="setUp" is-config="true" duration-ms="10396" started-at="2018-08-01T18:04:12Z" finished-at="2018-08-01T18:04:23Z">
          <reporter-output>
          </reporter-output>
        </test-method> <!-- setUp -->
        <test-method status="PASS" signature="verifyContactsPageLabelTest()[pri:1, instance:com.crm.qa.testcases.ContactsPageTest@4f7d0008]" name="verifyContactsPageLabelTest" duration-ms="51" started-at="2018-08-01T18:04:23Z" finished-at="2018-08-01T18:04:23Z">
          <reporter-output>
          </reporter-output>
        </test-method> <!-- verifyContactsPageLabelTest -->
        <test-method status="PASS" signature="tearDown()[pri:0, instance:com.crm.qa.testcases.ContactsPageTest@4f7d0008]" name="tearDown" is-config="true" duration-ms="871" started-at="2018-08-01T18:04:23Z" finished-at="2018-08-01T18:04:24Z">
          <reporter-output>
          </reporter-output>
        </test-method> <!-- tearDown -->
        <test-method status="PASS" signature="setUp()[pri:0, instance:com.crm.qa.testcases.ContactsPageTest@4f7d0008]" name="setUp" is-config="true" duration-ms="10797" started-at="2018-08-01T18:04:44Z" finished-at="2018-08-01T18:04:55Z">
          <reporter-output>
          </reporter-output>
        </test-method> <!-- setUp -->
        <test-method status="PASS" signature="selectContactsTest()[pri:2, instance:com.crm.qa.testcases.ContactsPageTest@4f7d0008]" name="selectContactsTest" duration-ms="907" started-at="2018-08-01T18:04:55Z" finished-at="2018-08-01T18:04:56Z">
          <reporter-output>
          </reporter-output>
        </test-method> <!-- selectContactsTest -->
        <test-method status="PASS" signature="tearDown()[pri:0, instance:com.crm.qa.testcases.ContactsPageTest@4f7d0008]" name="tearDown" is-config="true" duration-ms="1060" started-at="2018-08-01T18:04:56Z" finished-at="2018-08-01T18:04:57Z">
          <reporter-output>
          </reporter-output>
        </test-method> <!-- tearDown -->
        <test-method status="PASS" signature="setUp()[pri:0, instance:com.crm.qa.testcases.ContactsPageTest@4f7d0008]" name="setUp" is-config="true" duration-ms="13443" started-at="2018-08-01T18:05:21Z" finished-at="2018-08-01T18:05:34Z">
          <reporter-output>
          </reporter-output>
        </test-method> <!-- setUp -->
        <test-method status="PASS" signature="selectMultipleContactsTest()[pri:3, instance:com.crm.qa.testcases.ContactsPageTest@4f7d0008]" name="selectMultipleContactsTest" duration-ms="550" started-at="2018-08-01T18:05:34Z" finished-at="2018-08-01T18:05:35Z">
          <reporter-output>
          </reporter-output>
        </test-method> <!-- selectMultipleContactsTest -->
        <test-method status="PASS" signature="tearDown()[pri:0, instance:com.crm.qa.testcases.ContactsPageTest@4f7d0008]" name="tearDown" is-config="true" duration-ms="835" started-at="2018-08-01T18:05:35Z" finished-at="2018-08-01T18:05:36Z">
          <reporter-output>
          </reporter-output>
        </test-method> <!-- tearDown -->
      </class> <!-- com.crm.qa.testcases.ContactsPageTest -->
      <class name="com.crm.qa.testcases.LoginPageTest">
        <test-method status="PASS" signature="setUp()[pri:0, instance:com.crm.qa.testcases.LoginPageTest@5f341870]" name="setUp" is-config="true" duration-ms="8244" started-at="2018-08-01T18:03:49Z" finished-at="2018-08-01T18:03:57Z">
          <reporter-output>
          </reporter-output>
        </test-method> <!-- setUp -->
        <test-method status="FAIL" signature="loginPageTitleTest()[pri:1, instance:com.crm.qa.testcases.LoginPageTest@5f341870]" name="loginPageTitleTest" duration-ms="64" started-at="2018-08-01T18:03:57Z" finished-at="2018-08-01T18:03:57Z">
          <exception class="java.lang.AssertionError">
            <message>
              <![CDATA[expected [ Free CRM software in the cloud powers sales and customer service] but found [#1 Free CRM software in the cloud for sales and service]]]>
            </message>
            <full-stacktrace>
              <![CDATA[java.lang.AssertionError: expected [ Free CRM software in the cloud powers sales and customer service] but found [#1 Free CRM software in the cloud for sales and service]
at org.testng.Assert.fail(Assert.java:96)
at org.testng.Assert.failNotEquals(Assert.java:776)
at org.testng.Assert.assertEqualsImpl(Assert.java:137)
at org.testng.Assert.assertEquals(Assert.java:118)
at org.testng.Assert.assertEquals(Assert.java:453)
at org.testng.Assert.assertEquals(Assert.java:463)
at com.crm.qa.testcases.LoginPageTest.loginPageTitleTest(LoginPageTest.java:30)
at sun.reflect.NativeMethodAccessorImpl.invoke0(Native Method)
at sun.reflect.NativeMethodAccessorImpl.invoke(Unknown Source)
at sun.reflect.DelegatingMethodAccessorImpl.invoke(Unknown Source)
at java.lang.reflect.Method.invoke(Unknown Source)
at org.testng.internal.MethodInvocationHelper.invokeMethod(MethodInvocationHelper.java:124)
at org.testng.internal.Invoker.invokeMethod(Invoker.java:583)
at org.testng.internal.Invoker.invokeTestMethod(Invoker.java:719)
at org.testng.internal.Invoker.invokeTestMethods(Invoker.java:989)
at org.testng.internal.TestMethodWorker.invokeTestMethods(TestMethodWorker.java:125)
at org.testng.internal.TestMethodWorker.run(TestMethodWorker.java:109)
at org.testng.TestRunner.privateRun(TestRunner.java:648)
at org.testng.TestRunner.run(TestRunner.java:505)
at org.testng.SuiteRunner.runTest(SuiteRunner.java:455)
at org.testng.SuiteRunner.runSequentially(SuiteRunner.java:450)
at org.testng.SuiteRunner.privateRun(SuiteRunner.java:415)
at org.testng.SuiteRunner.run(SuiteRunner.java:364)
at org.testng.SuiteRunnerWorker.runSuite(SuiteRunnerWorker.java:52)
at org.testng.SuiteRunnerWorker.run(SuiteRunnerWorker.java:84)
at org.testng.TestNG.runSuitesSequentially(TestNG.java:1208)
at org.testng.TestNG.runSuitesLocally(TestNG.java:1137)
at org.testng.TestNG.runSuites(TestNG.java:1049)
at org.testng.TestNG.run(TestNG.java:1017)
at org.testng.remote.AbstractRemoteTestNG.run(AbstractRemoteTestNG.java:114)
at org.testng.remote.RemoteTestNG.initAndRun(RemoteTestNG.java:251)
at org.testng.remote.RemoteTestNG.main(RemoteTestNG.java:77)
]]>
            </full-stacktrace>
          </exception> <!-- java.lang.AssertionError -->
          <reporter-output>
          </reporter-output>
        </test-method> <!-- loginPageTitleTest -->
        <test-method status="PASS" signature="tearDown()[pri:0, instance:com.crm.qa.testcases.LoginPageTest@5f341870]" name="tearDown" is-config="true" duration-ms="1015" started-at="2018-08-01T18:03:57Z" finished-at="2018-08-01T18:03:58Z">
          <reporter-output>
          </reporter-output>
        </test-method> <!-- tearDown -->
        <test-method status="PASS" signature="setUp()[pri:0, instance:com.crm.qa.testcases.LoginPageTest@5f341870]" name="setUp" is-config="true" duration-ms="8131" started-at="2018-08-01T18:04:24Z" finished-at="2018-08-01T18:04:32Z">
          <reporter-output>
          </reporter-output>
        </test-method> <!-- setUp -->
        <test-method status="PASS" signature="crmLogoImageTest()[pri:2, instance:com.crm.qa.testcases.LoginPageTest@5f341870]" name="crmLogoImageTest" duration-ms="228" started-at="2018-08-01T18:04:32Z" finished-at="2018-08-01T18:04:32Z">
          <reporter-output>
          </reporter-output>
        </test-method> <!-- crmLogoImageTest -->
        <test-method status="PASS" signature="tearDown()[pri:0, instance:com.crm.qa.testcases.LoginPageTest@5f341870]" name="tearDown" is-config="true" duration-ms="886" started-at="2018-08-01T18:04:32Z" finished-at="2018-08-01T18:04:33Z">
          <reporter-output>
          </reporter-output>
        </test-method> <!-- tearDown -->
        <test-method status="PASS" signature="setUp()[pri:0, instance:com.crm.qa.testcases.LoginPageTest@5f341870]" name="setUp" is-config="true" duration-ms="6135" started-at="2018-08-01T18:04:57Z" finished-at="2018-08-01T18:05:03Z">
          <reporter-output>
          </reporter-output>
        </test-method> <!-- setUp -->
        <test-method status="PASS" signature="loginTest()[pri:3, instance:com.crm.qa.testcases.LoginPageTest@5f341870]" name="loginTest" duration-ms="4741" started-at="2018-08-01T18:05:03Z" finished-at="2018-08-01T18:05:08Z">
          <reporter-output>
          </reporter-output>
        </test-method> <!-- loginTest -->
        <test-method status="PASS" signature="tearDown()[pri:0, instance:com.crm.qa.testcases.LoginPageTest@5f341870]" name="tearDown" is-config="true" duration-ms="864" started-at="2018-08-01T18:05:08Z" finished-at="2018-08-01T18:05:09Z">
          <reporter-output>
          </reporter-output>
        </test-method> <!-- tearDown -->
      </class> <!-- com.crm.qa.testcases.LoginPageTest -->
    </test> <!-- Free CRM Application Test Cases -->
  </suite> <!-- Free CRM Application Test Automation Test Suite -->
</testng-results>
